Map/app/build/intermediates/manifest_merge_blame_file/debug/manifest-merger-blame-debug-report.txt
1<?xml version="1.0" encoding="utf-8"?>
2<manifest xmlns:android="http://schemas.android.com/apk/res/android"
3    package="com.example.baitap_3"
4    android:versionCode="1"
5    android:versionName="1.0" >
6
7    <uses-sdk
8        android:minSdkVersion="20"
8-->src/main/AndroidManifest.xml
9        android:targetSdkVersion="29" />
9-->src/main/AndroidManifest.xml
10
11    <uses-permission android:name="android.permission.ACCESS_FINE_LOCATION" />
11-->src/main/AndroidManifest.xml:5:5-78
11-->src/main/AndroidManifest.xml:5:22-76
12    <uses-permission android:name="android.permission.ACCESS_COARSE_LOCATION" />
12-->src/main/AndroidManifest.xml:6:5-80
12-->src/main/AndroidManifest.xml:6:22-78
13    <uses-permission android:name="android.permission.INTERNET" />
13-->src/main/AndroidManifest.xml:7:5-66
13-->src/main/AndroidManifest.xml:7:22-64
14
15    <!-- Include required permissions for Google Maps API to run. -->
16    <uses-permission android:name="android.permission.ACCESS_NETWORK_STATE" />
16-->[com.google.android.gms:play-services-maps:17.0.0] AndroidManifest.xml:23:5-79
16-->[com.google.android.gms:play-services-maps:17.0.0] AndroidManifest.xml:23:22-76
17
18    <uses-feature
18-->[com.google.android.gms:play-services-maps:17.0.0] AndroidManifest.xml:26:5-28:35
19        android:glEsVersion="0x00020000"
19-->[com.google.android.gms:play-services-maps:17.0.0] AndroidManifest.xml:27:9-41
20        android:required="true" />
20-->[com.google.android.gms:play-services-maps:17.0.0] AndroidManifest.xml:28:9-32
21
22    <application
22-->src/main/AndroidManifest.xml:12:5-33:19
23        android:allowBackup="true"
23-->src/main/AndroidManifest.xml:13:9-35
24        android:appComponentFactory="androidx.core.app.CoreComponentFactory"
24-->[androidx.core:core:1.1.0] AndroidManifest.xml:24:18-86
25        android:debuggable="true"
26        android:icon="@mipmap/ic_launcher"
26-->src/main/AndroidManifest.xml:14:9-43
27        android:label="@string/app_name"
27-->src/main/AndroidManifest.xml:15:9-41
28        android:roundIcon="@mipmap/ic_launcher_round"
28-->src/main/AndroidManifest.xml:16:9-54
29        android:supportsRtl="true"
29-->src/main/AndroidManifest.xml:17:9-35
30        android:testOnly="true"
31        android:theme="@style/AppTheme" >
31-->src/main/AndroidManifest.xml:18:9-40
32        <activity
32-->src/main/AndroidManifest.xml:21:9-32:20
33            android:name="com.example.baitap_3.MainActivity"
33-->src/main/AndroidManifest.xml:21:19-47
34            android:label="@string/app_name" >
34-->src/main/AndroidManifest.xml:21:48-80
35            <intent-filter>
35-->src/main/AndroidManifest.xml:22:13-25:29
36                <action android:name="android.intent.action.MAIN" />
36-->src/main/AndroidManifest.xml:23:17-68
36-->src/main/AndroidManifest.xml:23:25-66
37
38                <category android:name="android.intent.category.LAUNCHER" />
38-->src/main/AndroidManifest.xml:24:17-76
38-->src/main/AndroidManifest.xml:24:27-74
39            </intent-filter>
40            <intent-filter>
40-->src/main/AndroidManifest.xml:26:13-31:29
41                <action android:name="android.intent.action.VIEW" />
41-->src/main/AndroidManifest.xml:27:17-68
41-->src/main/AndroidManifest.xml:27:25-66
42
43                <category android:name="android.intent.category.BROWSABLE" />
43-->src/main/AndroidManifest.xml:28:17-77
43-->src/main/AndroidManifest.xml:28:27-75
44                <category android:name="android.intent.category.DEFAULT" />
44-->src/main/AndroidManifest.xml:29:17-75
44-->src/main/AndroidManifest.xml:29:27-73
45
46                <data android:scheme="http" />
46-->src/main/AndroidManifest.xml:30:17-46
46-->src/main/AndroidManifest.xml:30:23-44
47            </intent-filter>
48        </activity>
49        <!-- Needs to be explicitly declared on P+ -->
50        <uses-library
50-->[com.google.android.gms:play-services-maps:17.0.0] AndroidManifest.xml:33:9-35:40
51            android:name="org.apache.http.legacy"
51-->[com.google.android.gms:play-services-maps:17.0.0] AndroidManifest.xml:34:13-50
52            android:required="false" />
52-->[com.google.android.gms:play-services-maps:17.0.0] AndroidManifest.xml:35:13-37
53
54        <activity
54-->[com.google.android.gms:play-services-base:17.0.0] AndroidManifest.xml:23:9-26:75
55            android:name="com.google.android.gms.common.api.GoogleApiActivity"
55-->[com.google.android.gms:play-services-base:17.0.0] AndroidManifest.xml:24:13-79
56            android:exported="false"
56-->[com.google.android.gms:play-services-base:17.0.0] AndroidManifest.xml:25:13-37
57            android:theme="@android:style/Theme.Translucent.NoTitleBar" />
57-->[com.google.android.gms:play-services-base:17.0.0] AndroidManifest.xml:26:13-72
58
59        <meta-data
59-->[com.google.android.gms:play-services-basement:17.0.0] AndroidManifest.xml:23:9-25:69
60            android:name="com.google.android.gms.version"
60-->[com.google.android.gms:play-services-basement:17.0.0] AndroidManifest.xml:24:13-58
61            android:value="@integer/google_play_services_version" />
61-->[com.google.android.gms:play-services-basement:17.0.0] AndroidManifest.xml:25:13-66
62    </application>
63
64</manifest>